 Sun, 22 Mar 2020 23:44:12  INFO tax.py setUpClass [ line:40 ] ==================== 准备开始执行添加发票信息接口测试 ====================
 Sun, 22 Mar 2020 23:44:12  INFO http_request.py request [ line:39 ] 正在发送请求，请求地址：https://fsc-test.manshang.com/api/auth/login，请求参数：{'phone': '15733100728', 'code': '123456'}
 Sun, 22 Mar 2020 23:44:13  INFO http_request.py request [ line:43 ] 正在发送请求，请求地址：https://fsc-test.manshang.com/api/red-count，请求参数：None
 Sun, 22 Mar 2020 23:44:13  ERROR tax.py test_purset [ line:80 ]  :: {'code': 200, 'msg': 'ok'} != {'code': 200, 'data': {'message.index': 1}, 'msg': 'ok'}
Traceback (most recent call last):
  File "/Applications/software/PyCharm.app/Contents/helpers/pycharm/teamcity/diff_tools.py", line 32, in _patched_equals
    old(self, first, second, msg)
  File "/usr/local/Cellar/python/3.7.4_1/Frameworks/Python.framework/Versions/3.7/lib/python3.7/unittest/case.py", line 852, in assertEqual
    assertion_func(first, second, msg=msg)
  File "/usr/local/Cellar/python/3.7.4_1/Frameworks/Python.framework/Versions/3.7/lib/python3.7/unittest/case.py", line 1151, in assertDictEqual
    self.fail(self._formatMessage(msg, standardMsg))
  File "/usr/local/Cellar/python/3.7.4_1/Frameworks/Python.framework/Versions/3.7/lib/python3.7/unittest/case.py", line 693, in fail
    raise self.failureException(msg)
AssertionError: {'code': 200, 'msg': 'ok'} != {'code': 200, 'msg': 'ok', 'data': {'message.index': 1}}
- {'code': 200, 'msg': 'ok'}
+ {'code': 200, 'data': {'message.index': 1}, 'msg': 'ok'}

During handling of the above exception, another exception occurred:

Traceback (most recent call last):
  File "/Users/yangli/PycharmProjects/api_fsctest/test_cases/tax.py", line 77, in test_purset
    self.assertEqual(res, eval(case.expected_data))
  File "/Applications/software/PyCharm.app/Contents/helpers/pycharm/teamcity/diff_tools.py", line 38, in _patched_equals
    raise error
teamcity.diff_tools.EqualsAssertionError:  :: {'code': 200, 'msg': 'ok'} != {'code': 200, 'data': {'message.index': 1}, 'msg': 'ok'}
 Sun, 22 Mar 2020 23:44:13  INFO http_request.py request [ line:39 ] 正在发送请求，请求地址：https://fsc-test.manshang.com/api/auth/login，请求参数：{'phone': '15733100728', 'code': '123456'}
 Sun, 22 Mar 2020 23:44:13  INFO http_request.py request [ line:43 ] 正在发送请求，请求地址：https://fsc-test.manshang.com/api/tax/422，请求参数：None
 Sun, 22 Mar 2020 23:44:13  INFO tax.py test_purset [ line:85 ] 预期结果是：{ "code": 200,  "msg": "ok"}，实际结果是：{'code': 200, 'msg': 'ok'}，测试通过
 Sun, 22 Mar 2020 23:44:13  INFO tax.py tearDownClass [ line:46 ] ==================== 添加发票信息测试执行完毕 ====================
