 Tue, 24 Mar 2020 22:10:43  INFO test_sellset.py setUpClass [ line:41 ] ==================== 准备开始执行销售方发票信息接口测试 ====================
 Tue, 24 Mar 2020 22:10:43  INFO http_request.py request [ line:39 ] 正在发送请求，请求地址：https://fsc-test.manshang.com/api/auth/login，请求参数：{'phone': '15733100728', 'code': '123456'}
 Tue, 24 Mar 2020 22:10:43  INFO http_request.py request [ line:39 ] 正在发送请求，请求地址：https://fsc-test.manshang.com/api/auth/login，请求参数：{'phone': '15733100728', 'code': '123456'}
 Tue, 24 Mar 2020 22:10:44  INFO http_request.py request [ line:47 ] 正在发送请求，请求地址：https://fsc-test.manshang.com/api/seller-setting/21，请求参数：{'id': 21, 'customer_id': 34, 'company_id': 22, 'duty_paragraph': '222', 'address': '地址222', 'phone': '15733100728', 'bank_name': '222', 'card_no': '222', 'payee': '222', 'reviewer': '222', 'drawer': '222', 'name': '客户022落落零零落落零零落落啦啦啦'}
 Tue, 24 Mar 2020 22:10:44  ERROR test_sellset.py test_purset [ line:83 ] {'code': 422, 'msg': '请输入出票单位'} != {'code': 200, 'msg': 'ok', 'data': 'true'}
- {'code': 422, 'msg': '请输入出票单位'}
+ {'code': 200, 'data': 'true', 'msg': 'ok'}
Traceback (most recent call last):
  File "/Users/yangli/PycharmProjects/api_fsctest/test_cases/test_sellset.py", line 80, in test_purset
    self.assertEqual(res, eval(case.expected_data))
  File "/usr/local/Cellar/python/3.7.4_1/Frameworks/Python.framework/Versions/3.7/lib/python3.7/unittest/case.py", line 852, in assertEqual
    assertion_func(first, second, msg=msg)
  File "/usr/local/Cellar/python/3.7.4_1/Frameworks/Python.framework/Versions/3.7/lib/python3.7/unittest/case.py", line 1151, in assertDictEqual
    self.fail(self._formatMessage(msg, standardMsg))
  File "/usr/local/Cellar/python/3.7.4_1/Frameworks/Python.framework/Versions/3.7/lib/python3.7/unittest/case.py", line 693, in fail
    raise self.failureException(msg)
AssertionError: {'code': 422, 'msg': '请输入出票单位'} != {'code': 200, 'msg': 'ok', 'data': 'true'}
- {'code': 422, 'msg': '请输入出票单位'}
+ {'code': 200, 'data': 'true', 'msg': 'ok'}
 Tue, 24 Mar 2020 22:10:44  INFO test_sellset.py tearDownClass [ line:48 ] ==================== 销售方发票信息测试执行完毕 ====================
